2025-07-31T19:10:07.080-07:00  INFO 66656 --- [api-service] [main] com.textify.me.ApiServiceApplication     : Starting ApiServiceApplication using Java 17.0.7 with PID 66656 (/Users/meghagaonkar/Documents/textify/api-service/target/classes started by meghagaonkar in /Users/meghagaonkar/Documents/textify/api-service)
2025-07-31T19:10:07.081-07:00 DEBUG 66656 --- [api-service] [main] com.textify.me.ApiServiceApplication     : Running with Spring Boot v3.2.0, Spring v6.1.1
2025-07-31T19:10:07.082-07:00  INFO 66656 --- [api-service] [main] com.textify.me.ApiServiceApplication     : No active profile set, falling back to 1 default profile: "default"
2025-07-31T19:10:07.417-07:00  INFO 66656 --- [api-service] [main] .s.d.r.c.RepositoryConfigurationDelegate : Bootstrapping Spring Data JPA repositories in DEFAULT mode.
2025-07-31T19:10:07.444-07:00  INFO 66656 --- [api-service] [main] .s.d.r.c.RepositoryConfigurationDelegate : Finished Spring Data repository scanning in 22 ms. Found 1 JPA repository interface.
2025-07-31T19:10:07.748-07:00  INFO 66656 --- [api-service] [main] o.s.b.w.embedded.tomcat.TomcatWebServer  : Tomcat initialized with port 8080 (http)
2025-07-31T19:10:07.754-07:00  INFO 66656 --- [api-service] [main] o.apache.catalina.core.StandardService   : Starting service [Tomcat]
2025-07-31T19:10:07.754-07:00  INFO 66656 --- [api-service] [main] o.apache.catalina.core.StandardEngine    : Starting Servlet engine: [Apache Tomcat/10.1.16]
2025-07-31T19:10:07.794-07:00  INFO 66656 --- [api-service] [main] o.a.c.c.C.[Tomcat].[localhost].[/]       : Initializing Spring embedded WebApplicationContext
2025-07-31T19:10:07.794-07:00  INFO 66656 --- [api-service] [main] w.s.c.ServletWebServerApplicationContext : Root WebApplicationContext: initialization completed in 685 ms
2025-07-31T19:10:07.884-07:00  INFO 66656 --- [api-service] [main] o.hibernate.jpa.internal.util.LogHelper  : HHH000204: Processing PersistenceUnitInfo [name: default]
2025-07-31T19:10:07.912-07:00  INFO 66656 --- [api-service] [main] org.hibernate.Version                    : HHH000412: Hibernate ORM core version 6.3.1.Final
2025-07-31T19:10:07.929-07:00  INFO 66656 --- [api-service] [main] o.h.c.internal.RegionFactoryInitiator    : HHH000026: Second-level cache disabled
2025-07-31T19:10:08.049-07:00  INFO 66656 --- [api-service] [main] o.s.o.j.p.SpringPersistenceUnitInfo      : No LoadTimeWeaver setup: ignoring JPA class transformer
2025-07-31T19:10:08.062-07:00  INFO 66656 --- [api-service] [main] com.zaxxer.hikari.HikariDataSource       : HikariPool-1 - Starting...
2025-07-31T19:10:08.178-07:00  INFO 66656 --- [api-service] [main] com.zaxxer.hikari.pool.HikariPool        : HikariPool-1 - Added connection com.mysql.cj.jdbc.ConnectionImpl@2a0963be
2025-07-31T19:10:08.179-07:00  INFO 66656 --- [api-service] [main] com.zaxxer.hikari.HikariDataSource       : HikariPool-1 - Start completed.
2025-07-31T19:10:08.587-07:00  INFO 66656 --- [api-service] [main] o.h.e.t.j.p.i.JtaPlatformInitiator       : HHH000489: No JTA platform available (set 'hibernate.transaction.jta.platform' to enable JTA platform integration)
2025-07-31T19:10:08.634-07:00  INFO 66656 --- [api-service] [main] j.LocalContainerEntityManagerFactoryBean : Initialized JPA EntityManagerFactory for persistence unit 'default'
2025-07-31T19:10:08.746-07:00  INFO 66656 --- [api-service] [main] c.g.c.s.a.c.GcpContextAutoConfiguration  : The default project ID is textify-466423
2025-07-31T19:10:08.776-07:00  INFO 66656 --- [api-service] [main] c.g.c.s.core.DefaultCredentialsProvider  : Default credentials provider for service account api-service-key@textify-466423.iam.gserviceaccount.com
2025-07-31T19:10:08.776-07:00  INFO 66656 --- [api-service] [main] c.g.c.s.core.DefaultCredentialsProvider  : Scopes in use by default credentials: [https://www.googleapis.com/auth/pubsub, https://www.googleapis.com/auth/spanner.admin, https://www.googleapis.com/auth/spanner.data, https://www.googleapis.com/auth/datastore, https://www.googleapis.com/auth/sqlservice.admin, https://www.googleapis.com/auth/devstorage.read_only, https://www.googleapis.com/auth/devstorage.read_write, https://www.googleapis.com/auth/cloudruntimeconfig, https://www.googleapis.com/auth/trace.append, https://www.googleapis.com/auth/cloud-platform, https://www.googleapis.com/auth/cloud-vision, https://www.googleapis.com/auth/bigquery, https://www.googleapis.com/auth/monitoring.write]
2025-07-31T19:10:09.446-07:00  INFO 66656 --- [api-service] [main] c.t.me.service.PubSubPublisherService    : Pub/Sub Publisher initialized for topic: projects/textify-466423/topics/textify-processing-topic
2025-07-31T19:10:09.471-07:00  WARN 66656 --- [api-service] [main] JpaBaseConfiguration$JpaWebConfiguration : spring.jpa.open-in-view is enabled by default. Therefore, database queries may be performed during view rendering. Explicitly configure spring.jpa.open-in-view to disable this warning
2025-07-31T19:10:09.517-07:00 DEBUG 66656 --- [api-service] [main] s.w.s.m.m.a.RequestMappingHandlerMapping : 6 mappings in 'requestMappingHandlerMapping'
2025-07-31T19:10:09.534-07:00 DEBUG 66656 --- [api-service] [main] o.s.w.s.handler.SimpleUrlHandlerMapping  : Patterns [/webjars/**, /**] in 'resourceHandlerMapping'
2025-07-31T19:10:09.548-07:00 DEBUG 66656 --- [api-service] [main] s.w.s.m.m.a.RequestMappingHandlerAdapter : ControllerAdvice beans: 0 @ModelAttribute, 0 @InitBinder, 1 RequestBodyAdvice, 1 ResponseBodyAdvice
2025-07-31T19:10:09.564-07:00 DEBUG 66656 --- [api-service] [main] .m.m.a.ExceptionHandlerExceptionResolver : ControllerAdvice beans: 1 @ExceptionHandler, 1 ResponseBodyAdvice
2025-07-31T19:10:09.689-07:00  INFO 66656 --- [api-service] [main] o.s.b.w.embedded.tomcat.TomcatWebServer  : Tomcat started on port 8080 (http) with context path ''
2025-07-31T19:10:09.695-07:00  INFO 66656 --- [api-service] [main] com.textify.me.ApiServiceApplication     : Started ApiServiceApplication in 2.842 seconds (process running for 3.027)
2025-07-31T19:10:32.018-07:00  INFO 66656 --- [api-service] [http-nio-8080-exec-1] o.a.c.c.C.[Tomcat].[localhost].[/]       : Initializing Spring DispatcherServlet 'dispatcherServlet'
2025-07-31T19:10:32.019-07:00  INFO 66656 --- [api-service] [http-nio-8080-exec-1] o.s.web.servlet.DispatcherServlet        : Initializing Servlet 'dispatcherServlet'
2025-07-31T19:10:32.020-07:00 DEBUG 66656 --- [api-service] [http-nio-8080-exec-1] o.s.web.servlet.DispatcherServlet        : Detected StandardServletMultipartResolver
2025-07-31T19:10:32.020-07:00 DEBUG 66656 --- [api-service] [http-nio-8080-exec-1] o.s.web.servlet.DispatcherServlet        : Detected AcceptHeaderLocaleResolver
2025-07-31T19:10:32.020-07:00 DEBUG 66656 --- [api-service] [http-nio-8080-exec-1] o.s.web.servlet.DispatcherServlet        : Detected FixedThemeResolver
2025-07-31T19:10:32.029-07:00 DEBUG 66656 --- [api-service] [http-nio-8080-exec-1] o.s.web.servlet.DispatcherServlet        : Detected org.springframework.web.servlet.view.DefaultRequestToViewNameTranslator@6f45be6f
2025-07-31T19:10:32.031-07:00 DEBUG 66656 --- [api-service] [http-nio-8080-exec-1] o.s.web.servlet.DispatcherServlet        : Detected org.springframework.web.servlet.support.SessionFlashMapManager@30b0d5a7
2025-07-31T19:10:32.032-07:00 DEBUG 66656 --- [api-service] [http-nio-8080-exec-1] o.s.web.servlet.DispatcherServlet        : enableLoggingRequestDetails='false': request parameters and headers will be masked to prevent unsafe logging of potentially sensitive data
2025-07-31T19:10:32.033-07:00  INFO 66656 --- [api-service] [http-nio-8080-exec-1] o.s.web.servlet.DispatcherServlet        : Completed initialization in 14 ms
2025-07-31T19:10:32.056-07:00 DEBUG 66656 --- [api-service] [http-nio-8080-exec-1] o.s.web.servlet.DispatcherServlet        : POST "/api/v1/jobs/upload", parameters={multipart}
2025-07-31T19:10:32.074-07:00 DEBUG 66656 --- [api-service] [http-nio-8080-exec-1] s.w.s.m.m.a.RequestMappingHandlerMapping : Mapped to com.textify.me.controller.JobController#uploadFile(MultipartFile)
2025-07-31T19:10:32.786-07:00  INFO 66656 --- [api-service] [http-nio-8080-exec-1] c.t.me.service.PubSubPublisherService    : Attempting to publish message for job ID 7641bcb4-8110-43a9-8539-f35a1ee414a3 to topic textify-processing-topic. Payload: {"jobId":"7641bcb4-8110-43a9-8539-f35a1ee414a3","originalGcsPath":"gs://textify-raw-files/7641bcb4-8110-43a9-8539-f35a1ee414a3/TextifySample.pdf"}
2025-07-31T19:10:32.896-07:00 DEBUG 66656 --- [api-service] [http-nio-8080-exec-1] o.s.w.s.m.m.a.HttpEntityMethodProcessor  : Using 'application/json', given [*/*] and supported [application/json, application/*+json]
2025-07-31T19:10:32.897-07:00 DEBUG 66656 --- [api-service] [http-nio-8080-exec-1] o.s.w.s.m.m.a.HttpEntityMethodProcessor  : Writing [UploadResponse(jobId=7641bcb4-8110-43a9-8539-f35a1ee414a3, status=UPLOADED, message=File received an (truncated)...]
2025-07-31T19:10:32.911-07:00 DEBUG 66656 --- [api-service] [http-nio-8080-exec-1] o.s.web.servlet.DispatcherServlet        : Completed 202 ACCEPTED
2025-07-31T19:10:33.238-07:00  INFO 66656 --- [api-service] [PubSubCallback-1] c.t.me.service.PubSubPublisherService    : Successfully published message for job ID 7641bcb4-8110-43a9-8539-f35a1ee414a3 with message ID 15687241815702451.
2025-07-31T19:11:38.252-07:00  INFO 66656 --- [api-service] [SpringApplicationShutdownHook] c.t.me.service.PubSubPublisherService    : Shutting down Pub/Sub publisher for topic: textify-processing-topic
2025-07-31T19:11:38.275-07:00  INFO 66656 --- [api-service] [SpringApplicationShutdownHook] c.t.me.service.PubSubPublisherService    : Pub/Sub publisher shut down successfully.
2025-07-31T19:11:38.277-07:00  INFO 66656 --- [api-service] [SpringApplicationShutdownHook] j.LocalContainerEntityManagerFactoryBean : Closing JPA EntityManagerFactory for persistence unit 'default'
2025-07-31T19:11:38.284-07:00  INFO 66656 --- [api-service] [SpringApplicationShutdownHook] com.zaxxer.hikari.HikariDataSource       : HikariPool-1 - Shutdown initiated...
2025-07-31T19:11:38.294-07:00  INFO 66656 --- [api-service] [SpringApplicationShutdownHook] com.zaxxer.hikari.HikariDataSource       : HikariPool-1 - Shutdown completed.
2025-07-31T19:30:18.597-07:00  INFO 67477 --- [api-service] [main] com.textify.me.ApiServiceApplication     : Starting ApiServiceApplication using Java 17.0.7 with PID 67477 (/Users/meghagaonkar/Documents/textify/api-service/target/classes started by meghagaonkar in /Users/meghagaonkar/Documents/textify/api-service)
2025-07-31T19:30:18.598-07:00 DEBUG 67477 --- [api-service] [main] com.textify.me.ApiServiceApplication     : Running with Spring Boot v3.2.0, Spring v6.1.1
2025-07-31T19:30:18.599-07:00  INFO 67477 --- [api-service] [main] com.textify.me.ApiServiceApplication     : No active profile set, falling back to 1 default profile: "default"
2025-07-31T19:30:18.964-07:00  INFO 67477 --- [api-service] [main] .s.d.r.c.RepositoryConfigurationDelegate : Bootstrapping Spring Data JPA repositories in DEFAULT mode.
2025-07-31T19:30:18.995-07:00  INFO 67477 --- [api-service] [main] .s.d.r.c.RepositoryConfigurationDelegate : Finished Spring Data repository scanning in 26 ms. Found 1 JPA repository interface.
2025-07-31T19:30:19.261-07:00  INFO 67477 --- [api-service] [main] o.s.b.w.embedded.tomcat.TomcatWebServer  : Tomcat initialized with port 8080 (http)
2025-07-31T19:30:19.267-07:00  INFO 67477 --- [api-service] [main] o.apache.catalina.core.StandardService   : Starting service [Tomcat]
2025-07-31T19:30:19.268-07:00  INFO 67477 --- [api-service] [main] o.apache.catalina.core.StandardEngine    : Starting Servlet engine: [Apache Tomcat/10.1.16]
2025-07-31T19:30:19.305-07:00  INFO 67477 --- [api-service] [main] o.a.c.c.C.[Tomcat].[localhost].[/]       : Initializing Spring embedded WebApplicationContext
2025-07-31T19:30:19.305-07:00  INFO 67477 --- [api-service] [main] w.s.c.ServletWebServerApplicationContext : Root WebApplicationContext: initialization completed in 677 ms
2025-07-31T19:30:19.394-07:00  INFO 67477 --- [api-service] [main] o.hibernate.jpa.internal.util.LogHelper  : HHH000204: Processing PersistenceUnitInfo [name: default]
2025-07-31T19:30:19.422-07:00  INFO 67477 --- [api-service] [main] org.hibernate.Version                    : HHH000412: Hibernate ORM core version 6.3.1.Final
2025-07-31T19:30:19.439-07:00  INFO 67477 --- [api-service] [main] o.h.c.internal.RegionFactoryInitiator    : HHH000026: Second-level cache disabled
2025-07-31T19:30:19.555-07:00  INFO 67477 --- [api-service] [main] o.s.o.j.p.SpringPersistenceUnitInfo      : No LoadTimeWeaver setup: ignoring JPA class transformer
2025-07-31T19:30:19.568-07:00  INFO 67477 --- [api-service] [main] com.zaxxer.hikari.HikariDataSource       : HikariPool-1 - Starting...
2025-07-31T19:30:19.676-07:00  INFO 67477 --- [api-service] [main] com.zaxxer.hikari.pool.HikariPool        : HikariPool-1 - Added connection com.mysql.cj.jdbc.ConnectionImpl@1eab8437
2025-07-31T19:30:19.677-07:00  INFO 67477 --- [api-service] [main] com.zaxxer.hikari.HikariDataSource       : HikariPool-1 - Start completed.
2025-07-31T19:30:20.081-07:00  INFO 67477 --- [api-service] [main] o.h.e.t.j.p.i.JtaPlatformInitiator       : HHH000489: No JTA platform available (set 'hibernate.transaction.jta.platform' to enable JTA platform integration)
2025-07-31T19:30:20.120-07:00  INFO 67477 --- [api-service] [main] j.LocalContainerEntityManagerFactoryBean : Initialized JPA EntityManagerFactory for persistence unit 'default'
2025-07-31T19:30:20.233-07:00  INFO 67477 --- [api-service] [main] c.g.c.s.a.c.GcpContextAutoConfiguration  : The default project ID is textify-466423
2025-07-31T19:30:20.264-07:00  INFO 67477 --- [api-service] [main] c.g.c.s.core.DefaultCredentialsProvider  : Default credentials provider for service account api-service-key@textify-466423.iam.gserviceaccount.com
2025-07-31T19:30:20.264-07:00  INFO 67477 --- [api-service] [main] c.g.c.s.core.DefaultCredentialsProvider  : Scopes in use by default credentials: [https://www.googleapis.com/auth/pubsub, https://www.googleapis.com/auth/spanner.admin, https://www.googleapis.com/auth/spanner.data, https://www.googleapis.com/auth/datastore, https://www.googleapis.com/auth/sqlservice.admin, https://www.googleapis.com/auth/devstorage.read_only, https://www.googleapis.com/auth/devstorage.read_write, https://www.googleapis.com/auth/cloudruntimeconfig, https://www.googleapis.com/auth/trace.append, https://www.googleapis.com/auth/cloud-platform, https://www.googleapis.com/auth/cloud-vision, https://www.googleapis.com/auth/bigquery, https://www.googleapis.com/auth/monitoring.write]
2025-07-31T19:30:20.943-07:00  INFO 67477 --- [api-service] [main] c.t.me.service.PubSubPublisherService    : Pub/Sub Publisher initialized for topic: projects/textify-466423/topics/textify-processing-topic
2025-07-31T19:30:20.967-07:00  WARN 67477 --- [api-service] [main] JpaBaseConfiguration$JpaWebConfiguration : spring.jpa.open-in-view is enabled by default. Therefore, database queries may be performed during view rendering. Explicitly configure spring.jpa.open-in-view to disable this warning
2025-07-31T19:30:21.015-07:00 DEBUG 67477 --- [api-service] [main] s.w.s.m.m.a.RequestMappingHandlerMapping : 6 mappings in 'requestMappingHandlerMapping'
2025-07-31T19:30:21.034-07:00 DEBUG 67477 --- [api-service] [main] o.s.w.s.handler.SimpleUrlHandlerMapping  : Patterns [/webjars/**, /**] in 'resourceHandlerMapping'
2025-07-31T19:30:21.047-07:00 DEBUG 67477 --- [api-service] [main] s.w.s.m.m.a.RequestMappingHandlerAdapter : ControllerAdvice beans: 0 @ModelAttribute, 0 @InitBinder, 1 RequestBodyAdvice, 1 ResponseBodyAdvice
2025-07-31T19:30:21.063-07:00 DEBUG 67477 --- [api-service] [main] .m.m.a.ExceptionHandlerExceptionResolver : ControllerAdvice beans: 1 @ExceptionHandler, 1 ResponseBodyAdvice
2025-07-31T19:30:21.180-07:00  INFO 67477 --- [api-service] [main] o.s.b.w.embedded.tomcat.TomcatWebServer  : Tomcat started on port 8080 (http) with context path ''
2025-07-31T19:30:21.188-07:00  INFO 67477 --- [api-service] [main] com.textify.me.ApiServiceApplication     : Started ApiServiceApplication in 2.833 seconds (process running for 3.169)
2025-07-31T19:30:31.006-07:00  INFO 67477 --- [api-service] [http-nio-8080-exec-1] o.a.c.c.C.[Tomcat].[localhost].[/]       : Initializing Spring DispatcherServlet 'dispatcherServlet'
2025-07-31T19:30:31.007-07:00  INFO 67477 --- [api-service] [http-nio-8080-exec-1] o.s.web.servlet.DispatcherServlet        : Initializing Servlet 'dispatcherServlet'
2025-07-31T19:30:31.008-07:00 DEBUG 67477 --- [api-service] [http-nio-8080-exec-1] o.s.web.servlet.DispatcherServlet        : Detected StandardServletMultipartResolver
2025-07-31T19:30:31.008-07:00 DEBUG 67477 --- [api-service] [http-nio-8080-exec-1] o.s.web.servlet.DispatcherServlet        : Detected AcceptHeaderLocaleResolver
2025-07-31T19:30:31.008-07:00 DEBUG 67477 --- [api-service] [http-nio-8080-exec-1] o.s.web.servlet.DispatcherServlet        : Detected FixedThemeResolver
2025-07-31T19:30:31.013-07:00 DEBUG 67477 --- [api-service] [http-nio-8080-exec-1] o.s.web.servlet.DispatcherServlet        : Detected org.springframework.web.servlet.view.DefaultRequestToViewNameTranslator@21252bef
2025-07-31T19:30:31.014-07:00 DEBUG 67477 --- [api-service] [http-nio-8080-exec-1] o.s.web.servlet.DispatcherServlet        : Detected org.springframework.web.servlet.support.SessionFlashMapManager@760ac834
2025-07-31T19:30:31.015-07:00 DEBUG 67477 --- [api-service] [http-nio-8080-exec-1] o.s.web.servlet.DispatcherServlet        : enableLoggingRequestDetails='false': request parameters and headers will be masked to prevent unsafe logging of potentially sensitive data
2025-07-31T19:30:31.015-07:00  INFO 67477 --- [api-service] [http-nio-8080-exec-1] o.s.web.servlet.DispatcherServlet        : Completed initialization in 8 ms
2025-07-31T19:30:31.022-07:00 DEBUG 67477 --- [api-service] [http-nio-8080-exec-1] o.s.web.servlet.DispatcherServlet        : POST "/api/v1/jobs/upload", parameters={multipart}
2025-07-31T19:30:31.056-07:00 DEBUG 67477 --- [api-service] [http-nio-8080-exec-1] s.w.s.m.m.a.RequestMappingHandlerMapping : Mapped to com.textify.me.controller.JobController#uploadFile(MultipartFile)
2025-07-31T19:30:31.854-07:00  INFO 67477 --- [api-service] [http-nio-8080-exec-1] c.t.me.service.PubSubPublisherService    : Attempting to publish message for job ID cca3874f-50e3-4669-8d5c-7b8568d19425 to topic textify-processing-topic. Payload: {"jobId":"cca3874f-50e3-4669-8d5c-7b8568d19425","originalGcsPath":"gs://textify-raw-files/cca3874f-50e3-4669-8d5c-7b8568d19425/TextifySample.pdf"}
2025-07-31T19:30:31.965-07:00 DEBUG 67477 --- [api-service] [http-nio-8080-exec-1] o.s.w.s.m.m.a.HttpEntityMethodProcessor  : Using 'application/json', given [*/*] and supported [application/json, application/*+json]
2025-07-31T19:30:31.966-07:00 DEBUG 67477 --- [api-service] [http-nio-8080-exec-1] o.s.w.s.m.m.a.HttpEntityMethodProcessor  : Writing [UploadResponse(jobId=cca3874f-50e3-4669-8d5c-7b8568d19425, status=UPLOADED, message=File received an (truncated)...]
2025-07-31T19:30:31.971-07:00 DEBUG 67477 --- [api-service] [http-nio-8080-exec-1] o.s.web.servlet.DispatcherServlet        : Completed 202 ACCEPTED
2025-07-31T19:30:32.285-07:00  INFO 67477 --- [api-service] [PubSubCallback-1] c.t.me.service.PubSubPublisherService    : Successfully published message for job ID cca3874f-50e3-4669-8d5c-7b8568d19425 with message ID 15716074700532345.
2025-07-31T19:32:33.930-07:00  INFO 67477 --- [api-service] [SpringApplicationShutdownHook] c.t.me.service.PubSubPublisherService    : Shutting down Pub/Sub publisher for topic: textify-processing-topic
2025-07-31T19:32:33.944-07:00  INFO 67477 --- [api-service] [SpringApplicationShutdownHook] c.t.me.service.PubSubPublisherService    : Pub/Sub publisher shut down successfully.
2025-07-31T19:32:33.946-07:00  INFO 67477 --- [api-service] [SpringApplicationShutdownHook] j.LocalContainerEntityManagerFactoryBean : Closing JPA EntityManagerFactory for persistence unit 'default'
2025-07-31T19:32:33.949-07:00  INFO 67477 --- [api-service] [SpringApplicationShutdownHook] com.zaxxer.hikari.HikariDataSource       : HikariPool-1 - Shutdown initiated...
2025-07-31T19:32:33.958-07:00  INFO 67477 --- [api-service] [SpringApplicationShutdownHook] com.zaxxer.hikari.HikariDataSource       : HikariPool-1 - Shutdown completed.
